{
  "RSpec": {
    "coverage": {
      "/Users/smccall/Desktop/Berkeley/169/bsc-workshift-manager/app/models/user.rb": [
        1,
        null,
        1,
        null,
        null,
        1,
        null,
        null,
        1,
        1,
        null,
        1,
        0,
        0,
        null,
        null,
        null
      ],
      "/Users/smccall/Desktop/Berkeley/169/bsc-workshift-manager/app/helpers/application_helper.rb": [
        1,
        null
      ],
      "/Users/smccall/Desktop/Berkeley/169/bsc-workshift-manager/app/helpers/preferences_helper.rb": [
        1,
        null
      ],
      "/Users/smccall/Desktop/Berkeley/169/bsc-workshift-manager/app/controllers/preferences_controller.rb": [
        1,
        1,
        1,
        null,
        1,
        0,
        0,
        null,
        0,
        null,
        null,
        null,
        1,
        null,
        null,
        1,
        null,
        null,
        null,
        null,
        1,
        null,
        null,
        null,
        1,
        0,
        null,
        null,
        null,
        1,
        null,
        null,
        null,
        null,
        1,
        0,
        null,
        0,
        0,
        0,
        0,
        null,
        0,
        0,
        null,
        null,
        null,
        null,
        null,
        null,
        1,
        null,
        0,
        0,
        0,
        0,
        0,
        null,
        0,
        0,
        null,
        null,
        null,
        null,
        1,
        null,
        1,
        0,
        null,
        1,
        0,
        0,
        null,
        null,
        null,
        1,
        0,
        null,
        null
      ],
      "/Users/smccall/Desktop/Berkeley/169/bsc-workshift-manager/app/controllers/application_controller.rb": [
        1,
        1,
        null,
        1,
        null,
        null,
        null
      ],
      "/Users/smccall/Desktop/Berkeley/169/bsc-workshift-manager/app/models/preference.rb": [
        1,
        1,
        1,
        1,
        1,
        null,
        1,
        null,
        null,
        null,
        1,
        1,
        92,
        null,
        null,
        null,
        null,
        null,
        1,
        17,
        null,
        1,
        3,
        3,
        3,
        null,
        null,
        1,
        3,
        null,
        null,
        1,
        1,
        null,
        null,
        1,
        1,
        null,
        null,
        1,
        1,
        null,
        null,
        null,
        null,
        null,
        1,
        0,
        null,
        null,
        1,
        0,
        null,
        null
      ],
      "/Users/smccall/Desktop/Berkeley/169/bsc-workshift-manager/app/models/application_record.rb": [
        1,
        1,
        null
      ],
      "/Users/smccall/Desktop/Berkeley/169/bsc-workshift-manager/app/models/User.rb": [
        1,
        null,
        1,
        null,
        null,
        1,
        null,
        null,
        1,
        1,
        null,
        1,
        3,
        3,
        null,
        null,
        null
      ],
      "/Users/smccall/Desktop/Berkeley/169/bsc-workshift-manager/app/channels/application_cable/channel.rb": [
        0,
        0,
        0,
        0
      ],
      "/Users/smccall/Desktop/Berkeley/169/bsc-workshift-manager/app/channels/application_cable/connection.rb": [
        0,
        0,
        0,
        0
      ],
      "/Users/smccall/Desktop/Berkeley/169/bsc-workshift-manager/app/controllers/users_controller.rb": [
        0,
        0,
        0,
        null,
        0,
        0,
        0,
        null,
        0,
        0,
        0,
        null,
        0,
        0,
        0,
        0,
        0,
        null,
        0,
        0,
        null,
        0,
        0,
        null,
        0,
        0,
        0,
        0,
        0,
        0,
        0,
        0,
        0,
        null,
        0,
        0,
        null,
        0,
        0,
        null,
        0,
        0,
        null,
        0
      ],
      "/Users/smccall/Desktop/Berkeley/169/bsc-workshift-manager/app/jobs/application_job.rb": [
        0,
        0
      ],
      "/Users/smccall/Desktop/Berkeley/169/bsc-workshift-manager/app/mailers/application_mailer.rb": [
        0,
        0,
        0,
        0
      ],
      "/Users/smccall/Desktop/Berkeley/169/bsc-workshift-manager/app/models/manager.rb": [
        0,
        null,
        0,
        0,
        0,
        null,
        0
      ]
    },
    "timestamp": 1509152634
  },
  "Cucumber Features": {
    "coverage": {
        1,
        null,
        1,
        null,
        null,
        1,
        9,
        9,
        9,
        9,
        9,
        9,
        0,
        null,
        9,
        null,
        null
      ],
      "/home/ubuntu/workspace/app/models/semester.rb": [
        1,
        null
      ],
      "/home/ubuntu/workspace/app/models/application_record.rb": [
        1,
        1,
        null
      ],
      "/home/ubuntu/workspace/app/controllers/semesters_controller.rb": [
        1,
        null,
        null,
        null,
        null,
        1,
        5,
        null,
        null,
        null,
        null,
        1,
        1,
        null,
        null,
        null,
        1,
        1,
        null,
        null,
        null,
        1,
        null,
        null,
        null,
        null,
        1,
        1,
        1,
        1,
        null,
        null,
        null,
        null,
        null,
        null,
        null,
        null,
        null,
        null,
        null,
        null,
        null,
        null,
        null,
        null,
        null,
        null,
        null,
        null,
        null,
        null,
        null,
        null,
        null,
        null,
        null,
        null,
        null,
        null,
        null,
        null,
        null,
        null,
        null,
        null,
        null,
        null,
        null,
        null,
        1,
        null,
        null,
        null,
        null,
        null,
        null,
        null,
        null,
        null,
        null,
        1,
        1,
        null,
        null
      ],
      "/home/ubuntu/workspace/app/controllers/application_controller.rb": [
        1,
        1,
        null
      ],
      "/home/ubuntu/workspace/app/helpers/application_helper.rb": [
        1,
        null
      ],
      "/home/ubuntu/workspace/app/helpers/preferences_helper.rb": [
        1,
        null
      ],
      "/home/ubuntu/workspace/app/helpers/semesters_helper.rb": [
        1,
        null
      ],
      "/home/ubuntu/workspace/app/controllers/users_controller.rb": [
        17,
        17,
        null,
        null,
        null
      ],
     "/home/ubuntu/workspace/app/channels/application_cable/connection.rb": [
        0,
        0,
        0,
        0
      ],
      "/home/ubuntu/workspace/app/channels/application_cable/channel.rb": [
        0,
        0,
        0,
        0
      ],
      "/home/ubuntu/workspace/app/models/preference.rb": [
        0,
        0,
        0,
        0,
        null,
        0,
        null,
        0,
        0,
        null,
        null,
        null,
        0,
        0,
        0,
        0,
        0,
        null,
        null,
        null,
        0,
        0,
        null,
        0,
        0,
        0,
        0,
        0,
        0,
        null,
        0,
        0,
        0,
        null,
        0,
        0,
        0,
        null,
        0,
        0,
        0,
        null,
        null,
        null,
        null,
        0,
        null,
        0,
        0,
        0,
        null,
        0,
        0,
        0,
        0
      ],
      "/home/ubuntu/workspace/app/jobs/application_job.rb": [
        0,
        0
      ],
      "/home/ubuntu/workspace/app/controllers/preferences_controller.rb": [
        0,
        0,
        0,
        null,
        0,
        0,
        0,
        0,
        0,
        0,
        0,
        0,
        null,
        0,
        0,
        null,
        null,
        null,
        0,
        0,
        null,
        null,
        0,
        0,
        0,
        null,
        null,
        0,
        0,
        null,
        null,
        null,
        0,
        0,
        null,
        0,
        0,
        0,
        0,
        0,
        0,
        0,
        0,
        0,
        0,
        null,
        null,
        null,
        0,
        0,
        0,
        0,
        0,
        0,
        0,
        null,
        0,
        0,
        0,
        0,
        0,
        0,
        null,
        0,
        null,
        0,
        0,
        0,
        0,
        0,
        0,
        null,
        null,
        0,
        0,
        null,
        0,
        0
      ],
      "/home/ubuntu/workspace/app/mailers/application_mailer.rb": [
        0,
        0,
        0,
        0
      ]
    },
    "timestamp": 1508970176
  }
}
